<?xml version="1.0" encoding="UTF-8"?>
<testsuite xmlns:xsi="http://www.w3.org/2001/XMLSchema-instance" xsi:schemaLocation="https://maven.apache.org/surefire/maven-surefire-plugin/xsd/surefire-test-report.xsd" name="TestSuite" time="285.061" tests="27" errors="0" skipped="0" failures="0">
  <properties>
    <property name="idea.version" value="2017.1.3"/>
    <property name="java.runtime.name" value="Java(TM) SE Runtime Environment"/>
    <property name="sun.boot.library.path" value="C:\Program Files\Java\jdk1.8.0_121\jre\bin"/>
    <property name="java.vm.version" value="25.121-b13"/>
    <property name="java.vm.vendor" value="Oracle Corporation"/>
    <property name="maven.multiModuleProjectDirectory" value="C:\Users\Дмитрий\IdeaProjects\AVCorpQueue"/>
    <property name="java.vendor.url" value="http://java.oracle.com/"/>
    <property name="path.separator" value=";"/>
    <property name="guice.disable.misplaced.annotation.check" value="true"/>
    <property name="java.vm.name" value="Java HotSpot(TM) 64-Bit Server VM"/>
    <property name="file.encoding.pkg" value="sun.io"/>
    <property name="user.script" value=""/>
    <property name="user.country" value="RU"/>
    <property name="sun.java.launcher" value="SUN_STANDARD"/>
    <property name="sun.os.patch.level" value=""/>
    <property name="java.vm.specification.name" value="Java Virtual Machine Specification"/>
    <property name="user.dir" value="C:\Users\Дмитрий\IdeaProjects\AVCorpQueue"/>
    <property name="java.runtime.version" value="1.8.0_121-b13"/>
    <property name="java.awt.graphicsenv" value="sun.awt.Win32GraphicsEnvironment"/>
    <property name="java.endorsed.dirs" value="C:\Program Files\Java\jdk1.8.0_121\jre\lib\endorsed"/>
    <property name="os.arch" value="amd64"/>
    <property name="java.io.tmpdir" value="C:\Users\AACE~1\AppData\Local\Temp\"/>
    <property name="line.separator" value="&#10;"/>
    <property name="java.vm.specification.vendor" value="Oracle Corporation"/>
    <property name="user.variant" value=""/>
    <property name="os.name" value="Windows 10"/>
    <property name="classworlds.conf" value="C:\Program Files\JetBrains\IntelliJ IDEA Community Edition 2017.1.3\plugins\maven\lib\maven3\bin\m2.conf"/>
    <property name="sun.jnu.encoding" value="Cp1251"/>
    <property name="java.library.path" value="C:\Program Files\Java\jdk1.8.0_121\bin;C:\WINDOWS\Sun\Java\bin;C:\WINDOWS\system32;C:\WINDOWS;C:\ProgramData\Oracle\Java\javapath;C:\Program Files\Java\jre1.8.0_121\bin;C:\WINDOWS\system32;C:\WINDOWS;C:\WINDOWS\System32\Wbem;C:\WINDOWS\System32\WindowsPowerShell\v1.0\;C:\Program Files (x86)\Skype\Phone\;C:\Program Files (x86)\maven\bin;C:\ProgramData\Oracle\Java\javapath;C:\Program Files\Java\jre1.8.0_121\bin;C:\WINDOWS\system32;C:\WINDOWS;C:\WINDOWS\System32\Wbem;C:\WINDOWS\System32\WindowsPowerShell\v1.0\;C:\Program Files (x86)\Skype\Phone\;C:\Users\Дмитрий\AppData\Local\Microsoft\WindowsApps;C:\Program Files (x86)\maven\bin;C:\Users\Дмитрий\AppData\Local\Microsoft\WindowsApps;;."/>
    <property name="java.specification.name" value="Java Platform API Specification"/>
    <property name="java.class.version" value="52.0"/>
    <property name="sun.management.compiler" value="HotSpot 64-Bit Tiered Compilers"/>
    <property name="os.version" value="10.0"/>
    <property name="user.home" value="C:\Users\Дмитрий"/>
    <property name="user.timezone" value="Europe/Helsinki"/>
    <property name="java.awt.printerjob" value="sun.awt.windows.WPrinterJob"/>
    <property name="java.specification.version" value="1.8"/>
    <property name="file.encoding" value="UTF-8"/>
    <property name="user.name" value="Дмитрий"/>
    <property name="java.class.path" value="C:\Program Files\JetBrains\IntelliJ IDEA Community Edition 2017.1.3\plugins\maven\lib\maven3\boot\plexus-classworlds-2.5.2.jar;C:\Program Files\JetBrains\IntelliJ IDEA Community Edition 2017.1.3\lib\idea_rt.jar"/>
    <property name="java.vm.specification.version" value="1.8"/>
    <property name="sun.arch.data.model" value="64"/>
    <property name="java.home" value="C:\Program Files\Java\jdk1.8.0_121\jre"/>
    <property name="sun.java.command" value="org.codehaus.classworlds.Launcher -Didea.version=2017.1.3 test"/>
    <property name="java.specification.vendor" value="Oracle Corporation"/>
    <property name="user.language" value="ru"/>
    <property name="awt.toolkit" value="sun.awt.windows.WToolkit"/>
    <property name="java.vm.info" value="mixed mode"/>
    <property name="java.version" value="1.8.0_121"/>
    <property name="java.ext.dirs" value="C:\Program Files\Java\jdk1.8.0_121\jre\lib\ext;C:\WINDOWS\Sun\Java\lib\ext"/>
    <property name="sun.boot.class.path" value="C:\Program Files\Java\jdk1.8.0_121\jre\lib\resources.jar;C:\Program Files\Java\jdk1.8.0_121\jre\lib\rt.jar;C:\Program Files\Java\jdk1.8.0_121\jre\lib\sunrsasign.jar;C:\Program Files\Java\jdk1.8.0_121\jre\lib\jsse.jar;C:\Program Files\Java\jdk1.8.0_121\jre\lib\jce.jar;C:\Program Files\Java\jdk1.8.0_121\jre\lib\charsets.jar;C:\Program Files\Java\jdk1.8.0_121\jre\lib\jfr.jar;C:\Program Files\Java\jdk1.8.0_121\jre\classes"/>
    <property name="java.vendor" value="Oracle Corporation"/>
    <property name="maven.home" value="C:\Program Files\JetBrains\IntelliJ IDEA Community Edition 2017.1.3\plugins\maven\lib\maven3"/>
    <property name="file.separator" value="\"/>
    <property name="java.vendor.url.bug" value="http://bugreport.sun.com/bugreport/"/>
    <property name="sun.cpu.endian" value="little"/>
    <property name="sun.io.unicode.encoding" value="UnicodeLittle"/>
    <property name="sun.desktop" value="windows"/>
    <property name="sun.cpu.isalist" value="amd64"/>
  </properties>
  <testcase name="checkCreationQueue" classname="TestAdmin" time="25.187"/>
  <testcase name="checkRecipient" classname="TestAdmin" time="5.306"/>
  <testcase name="checkChangeQueueAndHistory" classname="TestAdmin" time="4.257"/>
  <testcase name="checkChangeStatusAndUnavailableForm" classname="TestAdmin" time="3.898"/>
  <testcase name="checkDeletingQueue" classname="TestAdmin" time="9.412"/>
  <testcase name="checkCancelQueue" classname="TestAdmin" time="17.828"/>
  <testcase name="checkExportExcelButton" classname="TestAdmin" time="0.066"/>
  <testcase name="checkFilter" classname="TestAdmin" time="16.256"/>
  <testcase name="checkSortingInt" classname="TestAdmin" time="13.168"/>
  <testcase name="checkSortingString" classname="TestAdmin" time="11.81"/>
  <testcase name="checkDisplayedAddButtonUser" classname="TestUser" time="14.513"/>
  <testcase name="checkDisplayedExportExcelButtonUser" classname="TestUser" time="0.075"/>
  <testcase name="checkFilterUser" classname="TestUser" time="11.925"/>
  <testcase name="checkHistoryUser" classname="TestUser" time="5.793"/>
  <testcase name="checkSortingIntUser" classname="TestUser" time="11.928"/>
  <testcase name="checkSortingStringUser" classname="TestUser" time="8.763"/>
  <testcase name="checkDisplayedAddingButtonUser" classname="TestUser" time="3.05"/>
  <testcase name="checkEnabledAllFieldsForChangingUser" classname="TestUser" time="8.475"/>
  <testcase name="checkDisplayedAddButtonOperator" classname="TestOperator" time="9.975"/>
  <testcase name="checkExportExcelButtonOperator" classname="TestOperator" time="0.04"/>
  <testcase name="checkEnabledAllFieldsForChangingOperator" classname="TestOperator" time="10.245"/>
  <testcase name="checkCreationQueueOperator" classname="TestOperator" time="12.522"/>
  <testcase name="checkRecipientOperator" classname="TestOperator" time="5.22"/>
  <testcase name="checkChangeQueueAndHistoryOperator" classname="TestOperator" time="4.08"/>
  <testcase name="checkChangeStatusAndUnavailableFormOperator" classname="TestOperator" time="3.497"/>
  <testcase name="checkDeletingQueueOperator" classname="TestOperator" time="10.366"/>
  <testcase name="checkDeletingQueueWhichCreatedByOperator" classname="TestAdminDeletingCreationQueue" time="32.315"/>
</testsuite>