<?xml version="1.0" encoding="UTF-8"?>
<!-- Generated by org.testng.reporters.JUnitReportReporter -->
<testsuite skipped="0" hostname="DESKTOP-ACURQ7O" name="TestAdmin" tests="10" failures="0" timestamp="12 июн 2017 14:00:40 GMT" time="107.184" errors="0">
  <testcase name="checkCreationQueue" time="25.188" classname="TestAdmin"/>
  <testcase name="checkRecipient" time="5.306" classname="TestAdmin"/>
  <testcase name="checkChangeQueueAndHistory" time="4.255" classname="TestAdmin"/>
  <testcase name="checkChangeStatusAndUnavailableForm" time="3.898" classname="TestAdmin"/>
  <testcase name="checkDeletingQueue" time="9.411" classname="TestAdmin"/>
  <testcase name="checkCancelQueue" time="17.826" classname="TestAdmin"/>
  <testcase name="checkExportExcelButton" time="0.067" classname="TestAdmin"/>
  <testcase name="checkFilter" time="16.256" classname="TestAdmin"/>
  <testcase name="checkSortingInt" time="13.168" classname="TestAdmin"/>
  <testcase name="checkSortingString" time="11.809" classname="TestAdmin"/>
</testsuite> <!-- TestAdmin -->
