<?xml version="1.0" encoding="UTF-8"?>
<!-- Generated by org.testng.reporters.JUnitReportReporter -->
<testsuite skipped="0" hostname="DESKTOP-ACURQ7O" name="TestUser" tests="8" failures="0" timestamp="12 июн 2017 14:00:40 GMT" time="64.523" errors="0">
  <testcase name="checkDisplayedAddButtonUser" time="14.515" classname="TestUser"/>
  <testcase name="checkDisplayedExportExcelButtonUser" time="0.074" classname="TestUser"/>
  <testcase name="checkFilterUser" time="11.926" classname="TestUser"/>
  <testcase name="checkHistoryUser" time="5.793" classname="TestUser"/>
  <testcase name="checkSortingIntUser" time="11.928" classname="TestUser"/>
  <testcase name="checkSortingStringUser" time="8.763" classname="TestUser"/>
  <testcase name="checkDisplayedAddingButtonUser" time="3.050" classname="TestUser"/>
  <testcase name="checkEnabledAllFieldsForChangingUser" time="8.474" classname="TestUser"/>
</testsuite> <!-- TestUser -->
