<?xml version="1.0" encoding="UTF-8"?>
<!-- Generated by org.testng.reporters.JUnitReportReporter -->
<testsuite skipped="0" hostname="DESKTOP-ACURQ7O" name="TestAdminDeletingCreationQueue" tests="1" failures="0" timestamp="12 июн 2017 14:00:40 GMT" time="32.315" errors="0">
  <testcase name="checkDeletingQueueWhichCreatedByOperator" time="32.315" classname="TestAdminDeletingCreationQueue"/>
</testsuite> <!-- TestAdminDeletingCreationQueue -->
