<?xml version="1.0" encoding="UTF-8"?>
<!-- Generated by org.testng.reporters.JUnitReportReporter -->
<testsuite skipped="0" hostname="DESKTOP-ACURQ7O" name="TestOperator" tests="8" failures="0" timestamp="12 июн 2017 14:00:40 GMT" time="55.944" errors="0">
  <testcase name="checkDisplayedAddButtonOperator" time="9.975" classname="TestOperator"/>
  <testcase name="checkExportExcelButtonOperator" time="0.041" classname="TestOperator"/>
  <testcase name="checkEnabledAllFieldsForChangingOperator" time="10.245" classname="TestOperator"/>
  <testcase name="checkCreationQueueOperator" time="12.521" classname="TestOperator"/>
  <testcase name="checkRecipientOperator" time="5.219" classname="TestOperator"/>
  <testcase name="checkChangeQueueAndHistoryOperator" time="4.079" classname="TestOperator"/>
  <testcase name="checkChangeStatusAndUnavailableFormOperator" time="3.497" classname="TestOperator"/>
  <testcase name="checkDeletingQueueOperator" time="10.367" classname="TestOperator"/>
</testsuite> <!-- TestOperator -->
